2024-08-14 21:51:16,782 [INFO]  === Program Started at 2024-08-14 21:51:16 ===
2024-08-14 21:52:07,233 [INFO]  Layer 2018年地级市 successfully read with 369 features.
2024-08-14 21:52:07,269 [INFO]  Finished reading vector file: C:/Users/钟新伟/Desktop/mydata/2018年地级市.shp
2024-08-14 21:52:32,358 [INFO]  Layer 湖北省 successfully read with 17 features.
2024-08-14 21:52:32,358 [INFO]  Finished reading vector file: C:/Users/钟新伟/Desktop/mydata/湖北省.shp
2024-08-14 21:52:59,988 [INFO]  Layer polygon-samples_geojsonLayer successfully read with 9 features.
2024-08-14 21:52:59,989 [INFO]  Finished reading vector file: C:/Users/钟新伟/Desktop/mydata/polygon-samples.geojson
2024-08-14 21:53:22,477 [INFO]  Layer wuhanparcel_WKT_WKTLayer successfully read with 6525 features.
2024-08-14 21:53:22,478 [INFO]  Finished reading vector file: E:/C_keshe/参考数据/wuhanparcel_WKT.csv
2024-08-14 21:53:28,525 [INFO]  Layer wuhan successfully read with 6528 features.
2024-08-14 21:53:28,527 [INFO]  Finished reading vector file: C:/Users/钟新伟/Desktop/mydata/wuhan.shp
2024-08-14 21:54:24,521 [INFO]  Layer 武汉城区地块 successfully read with 6528 features.
2024-08-14 21:54:24,522 [INFO]  Finished reading vector file: E:/C_keshe/参考数据/武汉城区地块.shp
2024-08-14 22:00:22,234 [INFO]  Raster layer 参考栅格数据.tif_Equalized has been removed.
2024-08-14 22:02:30,909 [INFO]  Layer wuhancsv_WKTLayer successfully read with 6528 features.
2024-08-14 22:02:30,911 [INFO]  Finished reading vector file: C:/Users/钟新伟/Desktop/mydata/result/wuhancsv.csv
2024-08-14 22:03:39,763 [INFO]  === Program Started at 2024-08-14 22:03:39 ===
2024-08-14 22:03:45,724 [INFO]  Layer wuhancsv_WKTLayer successfully read with 6528 features.
2024-08-14 22:03:45,726 [INFO]  Finished reading vector file: C:/Users/钟新伟/Desktop/mydata/result/wuhancsv.csv
2024-08-14 22:03:57,774 [INFO]  Layer jia successfully read with 6528 features.
2024-08-14 22:03:57,775 [INFO]  Finished reading vector file: C:/Users/钟新伟/Desktop/mydata/result/jia.shp
2024-08-14 22:04:00,028 [INFO]  === Program Started at 2024-08-14 22:04:00 ===
2024-08-14 22:04:07,547 [INFO]  Vector layer jia has been removed.
2024-08-14 22:04:14,106 [INFO]  Layer 凸1 successfully read with 369 features.
2024-08-14 22:04:14,106 [INFO]  Finished reading vector file: C:/Users/钟新伟/Desktop/mydata/result/凸1.shp
2024-08-14 22:04:16,091 [INFO]  Layer 凸2 successfully read with 6528 features.
2024-08-14 22:04:16,091 [INFO]  Finished reading vector file: C:/Users/钟新伟/Desktop/mydata/result/凸2.shp
2024-08-14 22:04:24,369 [INFO]  Layer hubei successfully read with 17 features.
2024-08-14 22:04:24,370 [INFO]  Finished reading vector file: C:/Users/钟新伟/Desktop/mydata/result/hubei.shp
2024-08-14 22:07:14,425 [INFO]  === Program Started at 2024-08-14 22:07:14 ===
2024-08-14 22:08:37,848 [INFO]  === Program Started at 2024-08-14 22:08:37 ===
2024-08-14 22:11:20,101 [INFO]  Raster layer 武汉市.tif has been removed.
2024-08-14 22:13:04,141 [INFO]  === Program Started at 2024-08-14 22:13:04 ===
2024-08-14 22:22:52,047 [INFO]  === Program Started at 2024-08-14 22:22:52 ===
2024-08-14 22:23:56,052 [INFO]  === Program Started at 2024-08-14 22:23:56 ===
2024-08-15 10:47:49,167 [INFO]  === Program Started at 2024-08-15 10:47:49 ===
2024-08-15 10:47:52,411 [INFO]  === Program Started at 2024-08-15 10:47:52 ===
2024-08-15 10:47:55,724 [INFO]  === Program Started at 2024-08-15 10:47:55 ===
2024-08-15 10:48:14,146 [INFO]  Layer 2018年地级市 successfully read with 369 features.
2024-08-15 10:48:14,181 [INFO]  Finished reading vector file: C:/Users/钟新伟/Desktop/mydata/2018年地级市.shp
2024-08-15 10:49:51,066 [INFO]  Raster layer wuhantif.tif_Equalized has been removed.
2024-08-15 10:55:30,593 [INFO]  === Program Started at 2024-08-15 10:55:30 ===
2024-08-15 10:55:37,495 [INFO]  Layer wuhan successfully read with 6528 features.
2024-08-15 10:55:37,496 [INFO]  Finished reading vector file: C:/Users/钟新伟/Desktop/mydata/wuhan.shp
2024-08-15 10:55:39,100 [INFO]  Vector layer wuhan has been removed.
2024-08-15 10:56:25,480 [INFO]  Raster layer 参考栅格数据.tif has been removed.
2024-08-15 11:51:17,999 [INFO]  === Program Started at 2024-08-15 11:51:17 ===
2024-08-15 11:51:31,295 [INFO]  Layer wh_OSMclip successfully read with 10242 features.
2024-08-15 11:51:31,299 [INFO]  Finished reading vector file: C:/Users/钟新伟/Desktop/mydata/武汉市OSM数据/wh_OSMclip.shp
2024-08-15 11:52:13,095 [INFO]  Layer 武汉市_公交 successfully read with 538 features.
2024-08-15 11:52:13,098 [INFO]  Finished reading vector file: E:/C_keshe/参考数据/武汉/武汉市_公交.shp
2024-08-15 11:55:51,364 [INFO]  Vector layer wh_OSMclip has been removed.
2024-08-15 11:55:52,196 [INFO]  Vector layer 武汉市_公交 has been removed.
2024-08-15 11:56:00,729 [INFO]  Layer wh_SOM successfully read with 10242 features.
2024-08-15 11:56:00,733 [INFO]  Finished reading vector file: C:/Users/钟新伟/Desktop/mydata/武汉市OSM数据/wh_SOM.shp
2024-08-15 15:24:02,591 [INFO]  === Program Started at 2024-08-15 15:24:02 ===
2024-08-15 16:08:39,286 [INFO]  === Program Started at 2024-08-15 16:08:39 ===
2024-08-15 16:08:48,333 [INFO]  === Program Started at 2024-08-15 16:08:48 ===
2024-08-15 16:09:04,206 [INFO]  Layer wuhanparcel_WKT_WKTLayer successfully read with 6525 features.
2024-08-15 16:09:04,208 [INFO]  Finished reading vector file: C:/Users/钟新伟/Desktop/mydata/testdata/wuhanparcel_WKT.csv
2024-08-15 16:09:11,618 [INFO]  Layer wh_SOM successfully read with 10242 features.
2024-08-15 16:09:11,622 [INFO]  Finished reading vector file: C:/Users/钟新伟/Desktop/mydata/testdata/shp/osm/wh_SOM.shp
2024-08-15 16:09:17,144 [INFO]  Layer 武汉城区地块 successfully read with 6528 features.
2024-08-15 16:09:17,145 [INFO]  Finished reading vector file: C:/Users/钟新伟/Desktop/mydata/testdata/shp/wuhan/武汉城区地块.shp
2024-08-15 16:10:20,410 [INFO]  === Program Started at 2024-08-15 16:10:20 ===
2024-08-15 16:32:37,367 [INFO]  === Program Started at 2024-08-15 16:32:37 ===
2024-08-15 16:48:41,148 [INFO]  Layer 武汉城区地块 successfully read with 6528 features.
2024-08-15 16:48:41,150 [INFO]  Finished reading vector file: C:/Users/钟新伟/Desktop/mydata/testdata/shp/wuhan/武汉城区地块.shp
2024-08-15 16:48:47,594 [INFO]  Layer wh_SOM successfully read with 10242 features.
2024-08-15 16:48:47,597 [INFO]  Finished reading vector file: C:/Users/钟新伟/Desktop/mydata/testdata/shp/osm/wh_SOM.shp
2024-08-15 16:49:14,949 [INFO]  Layer 湖北省 successfully read with 17 features.
2024-08-15 16:49:14,949 [INFO]  Finished reading vector file: C:/Users/钟新伟/Desktop/mydata/testdata/shp/wuhan/湖北省.shp
2024-08-15 16:49:45,972 [INFO]  Vector layer 武汉城区地块 has been removed.
2024-08-15 16:49:48,159 [INFO]  Layer 武汉城区地块 successfully read with 6528 features.
2024-08-15 16:49:48,160 [INFO]  Finished reading vector file: C:/Users/钟新伟/Desktop/mydata/testdata/shp/wuhan/武汉城区地块.shp
2024-08-15 16:51:04,872 [INFO]  Layer wuhannew successfully read with 6528 features.
2024-08-15 16:51:04,873 [INFO]  Finished reading vector file: C:/Users/钟新伟/Desktop/mydata/result/wuhannew.shp
2024-08-15 16:51:57,778 [INFO]  Layer wuhanw_WKTLayer successfully read with 6528 features.
2024-08-15 16:51:57,779 [INFO]  Finished reading vector file: C:/Users/钟新伟/Desktop/mydata/result/wuhanw.csv
2024-08-15 16:52:20,590 [INFO]  Layer polygon-samples_geojsonLayer successfully read with 9 features.
2024-08-15 16:52:20,590 [INFO]  Finished reading vector file: C:/Users/钟新伟/Desktop/mydata/testdata/geojson/polygon-samples.geojson
2024-08-15 16:52:51,480 [INFO]  Vector layer wuhanw_WKTLayer has been removed.
2024-08-15 16:52:57,543 [INFO]  Vector layer wuhannew has been removed.
2024-08-15 16:53:38,580 [INFO]  Vector layer polygon-samples_geojsonLayer has been removed.
2024-08-15 16:54:07,819 [INFO]  Vector layer 凸1 has been removed.
2024-08-15 16:54:13,269 [INFO]  Vector layer wh_SOM has been removed.
2024-08-15 16:55:47,958 [INFO]  === Program Started at 2024-08-15 16:55:47 ===
2024-08-15 16:56:16,386 [INFO]  Layer 湖北省 successfully read with 17 features.
2024-08-15 16:56:16,387 [INFO]  Finished reading vector file: C:/Users/钟新伟/Desktop/mydata/testdata/shp/wuhan/湖北省.shp
2024-08-15 16:56:19,143 [INFO]  Layer 武汉城区地块 successfully read with 6528 features.
2024-08-15 16:56:19,145 [INFO]  Finished reading vector file: C:/Users/钟新伟/Desktop/mydata/testdata/shp/wuhan/武汉城区地块.shp
2024-08-15 16:57:16,757 [INFO]  === Program Started at 2024-08-15 16:57:16 ===
2024-08-15 16:57:31,215 [INFO]  Layer 湖北省 successfully read with 17 features.
2024-08-15 16:57:31,215 [INFO]  Finished reading vector file: C:/Users/钟新伟/Desktop/mydata/testdata/shp/wuhan/湖北省.shp
2024-08-15 16:57:35,803 [INFO]  Layer 武汉城区地块 successfully read with 6528 features.
2024-08-15 16:57:35,804 [INFO]  Finished reading vector file: C:/Users/钟新伟/Desktop/mydata/testdata/shp/wuhan/武汉城区地块.shp
2024-08-15 16:57:42,449 [INFO]  === Program Started at 2024-08-15 16:57:42 ===
2024-08-15 16:57:53,406 [INFO]  Layer 湖北省 successfully read with 17 features.
2024-08-15 16:57:53,406 [INFO]  Finished reading vector file: C:/Users/钟新伟/Desktop/mydata/testdata/shp/wuhan/湖北省.shp
2024-08-15 16:58:46,477 [INFO]  Layer 武汉市_公交 successfully read with 538 features.
2024-08-15 16:58:46,480 [INFO]  Finished reading vector file: C:/Users/钟新伟/Desktop/mydata/testdata/shp/wuhan/武汉市_公交.shp
2024-08-15 16:59:08,365 [INFO]  Layer wuhanw_WKTLayer successfully read with 6528 features.
2024-08-15 16:59:08,367 [INFO]  Finished reading vector file: C:/Users/钟新伟/Desktop/mydata/result/wuhanw.csv
2024-08-15 17:00:57,654 [INFO]  === Program Started at 2024-08-15 17:00:57 ===
2024-08-15 17:01:15,703 [INFO]  Layer 武汉城区地块 successfully read with 6528 features.
2024-08-15 17:01:15,705 [INFO]  Finished reading vector file: C:/Users/钟新伟/Desktop/mydata/testdata/shp/wuhan/武汉城区地块.shp
2024-08-15 17:01:17,533 [INFO]  Layer 湖北省 successfully read with 17 features.
2024-08-15 17:01:17,534 [INFO]  Finished reading vector file: C:/Users/钟新伟/Desktop/mydata/testdata/shp/wuhan/湖北省.shp
2024-08-15 17:01:52,673 [INFO]  Vector layer 湖北省 has been removed.
2024-08-15 17:02:45,650 [INFO]  === Program Started at 2024-08-15 17:02:45 ===
2024-08-15 17:03:21,397 [INFO]  Layer 武汉城区地块 successfully read with 6528 features.
2024-08-15 17:03:21,399 [INFO]  Finished reading vector file: C:/Users/钟新伟/Desktop/mydata/testdata/shp/wuhan/武汉城区地块.shp
2024-08-15 17:03:23,169 [INFO]  Layer 湖北省 successfully read with 17 features.
2024-08-15 17:03:23,169 [INFO]  Finished reading vector file: C:/Users/钟新伟/Desktop/mydata/testdata/shp/wuhan/湖北省.shp
2024-08-15 17:03:30,559 [INFO]  Vector layer 武汉城区地块 has been removed.
2024-08-15 17:03:32,823 [INFO]  Vector layer 湖北省 has been removed.
2024-08-15 17:03:35,775 [INFO]  Layer 武汉城区地块 successfully read with 6528 features.
2024-08-15 17:03:35,777 [INFO]  Finished reading vector file: C:/Users/钟新伟/Desktop/mydata/testdata/shp/wuhan/武汉城区地块.shp
2024-08-15 17:03:37,468 [INFO]  Layer 湖北省 successfully read with 17 features.
2024-08-15 17:03:37,468 [INFO]  Finished reading vector file: C:/Users/钟新伟/Desktop/mydata/testdata/shp/wuhan/湖北省.shp
2024-08-15 17:05:27,333 [INFO]  Layer wh_SOM successfully read with 10242 features.
2024-08-15 17:05:27,337 [INFO]  Finished reading vector file: C:/Users/钟新伟/Desktop/mydata/testdata/shp/osm/wh_SOM.shp
2024-08-15 17:06:07,653 [INFO]  Vector layer wh_SOM has been removed.
2024-08-15 17:10:23,515 [INFO]  Raster layer 参考栅格数据.tif_Equalized has been removed.
2024-08-15 17:10:33,421 [INFO]  === Program Started at 2024-08-15 17:10:33 ===
2024-08-15 17:11:01,504 [INFO]  Vector layer wuhanhhh has been removed.
2024-08-15 17:11:02,453 [INFO]  Vector layer 凸2 has been removed.
2024-08-15 17:11:03,425 [INFO]  Vector layer 武汉城区地块 has been removed.
2024-08-15 17:11:04,279 [INFO]  Vector layer 湖北省 has been removed.
2024-08-15 17:15:57,144 [INFO]  === Program Started at 2024-08-15 17:15:57 ===
2024-08-15 17:41:56,417 [INFO]  === Program Started at 2024-08-15 17:41:56 ===
2024-08-15 17:42:08,186 [INFO]  Layer 武汉城区地块 successfully read with 6528 features.
2024-08-15 17:42:08,188 [INFO]  Finished reading vector file: C:/Users/钟新伟/Desktop/mydata/testdata/shp/wuhan/武汉城区地块.shp
2024-08-15 17:42:16,083 [INFO]  Layer 湖北省 successfully read with 17 features.
2024-08-15 17:42:16,083 [INFO]  Finished reading vector file: C:/Users/钟新伟/Desktop/mydata/testdata/shp/wuhan/湖北省.shp
2024-08-15 17:43:44,179 [INFO]  Layer wuhan successfully read with 6528 features.
2024-08-15 17:43:44,180 [INFO]  Finished reading vector file: C:/Users/钟新伟/Desktop/mydata/result/wuhan.shp
2024-08-15 17:44:08,624 [INFO]  Vector layer wuhan has been removed.
2024-08-15 17:44:17,939 [INFO]  Layer wuhantxt_WKTLayer successfully read with 6528 features.
2024-08-15 17:44:17,941 [INFO]  Finished reading vector file: C:/Users/钟新伟/Desktop/mydata/result/wuhantxt.csv
2024-08-15 17:44:37,865 [INFO]  Layer polygon-samples_geojsonLayer successfully read with 9 features.
2024-08-15 17:44:37,865 [INFO]  Finished reading vector file: C:/Users/钟新伟/Desktop/mydata/testdata/geojson/polygon-samples.geojson
2024-08-15 17:44:48,317 [INFO]  Vector layer polygon-samples_geojsonLayer has been removed.
2024-08-15 17:44:54,506 [INFO]  Vector layer wuhantxt_WKTLayer has been removed.
2024-08-15 17:45:24,705 [INFO]  Layer 武汉市_公交 successfully read with 538 features.
2024-08-15 17:45:24,708 [INFO]  Finished reading vector file: C:/Users/钟新伟/Desktop/mydata/testdata/shp/wuhan/武汉市_公交.shp
2024-08-15 17:45:31,763 [INFO]  Vector layer 凸1 has been removed.
2024-08-15 17:46:00,744 [INFO]  Vector layer 凸2 has been removed.
2024-08-15 17:46:33,680 [INFO]  Vector layer jia has been removed.
2024-08-15 18:06:16,157 [INFO]  === Program Started at 2024-08-15 18:06:16 ===
2024-08-15 18:06:26,428 [INFO]  Layer 武汉城区地块 successfully read with 6528 features.
2024-08-15 18:06:26,430 [INFO]  Finished reading vector file: C:/Users/钟新伟/Desktop/mydata/testdata/shp/wuhan/武汉城区地块.shp
2024-08-15 18:14:29,107 [INFO]  === Program Started at 2024-08-15 18:14:29 ===
2024-08-15 18:14:56,870 [INFO]  === Program Started at 2024-08-15 18:14:56 ===
2024-08-15 18:15:15,042 [INFO]  Layer 湖北省 successfully read with 17 features.
2024-08-15 18:15:15,042 [INFO]  Finished reading vector file: C:/Users/钟新伟/Desktop/mydata/testdata/shp/wuhan/湖北省.shp
2024-08-15 18:15:18,026 [INFO]  Layer 武汉城区地块 successfully read with 6528 features.
2024-08-15 18:15:18,028 [INFO]  Finished reading vector file: C:/Users/钟新伟/Desktop/mydata/testdata/shp/wuhan/武汉城区地块.shp
2024-08-15 18:15:36,590 [INFO]  === Program Started at 2024-08-15 18:15:36 ===
2024-08-15 18:15:45,308 [INFO]  Layer 武汉城区地块 successfully read with 6528 features.
2024-08-15 18:15:45,310 [INFO]  Finished reading vector file: C:/Users/钟新伟/Desktop/mydata/testdata/shp/wuhan/武汉城区地块.shp
2024-08-15 18:15:47,543 [INFO]  Layer 湖北省 successfully read with 17 features.
2024-08-15 18:15:47,543 [INFO]  Finished reading vector file: C:/Users/钟新伟/Desktop/mydata/testdata/shp/wuhan/湖北省.shp
2024-08-15 18:16:26,125 [INFO]  Vector layer 凸1 has been removed.
2024-08-15 18:17:20,707 [INFO]  Vector layer jia has been removed.
2024-08-15 18:18:49,882 [INFO]  Raster layer 参考栅格数据.tif_Equalized has been removed.
2024-08-15 18:19:05,402 [INFO]  Layer hubei successfully read with 17 features.
2024-08-15 18:19:05,402 [INFO]  Finished reading vector file: C:/Users/钟新伟/Desktop/mydata/result/hubei.shp
2024-08-15 18:19:37,151 [INFO]  Layer 湖北t_WKTLayer successfully read with 17 features.
2024-08-15 18:19:37,151 [INFO]  Finished reading vector file: C:/Users/钟新伟/Desktop/mydata/result/湖北t.csv
2024-08-15 18:19:55,429 [INFO]  Layer polygon-samples_geojsonLayer successfully read with 9 features.
2024-08-15 18:19:55,429 [INFO]  Finished reading vector file: C:/Users/钟新伟/Desktop/mydata/testdata/geojson/polygon-samples.geojson
2024-08-15 18:20:14,750 [INFO]  === Program Started at 2024-08-15 18:20:14 ===
2024-08-15 18:28:30,136 [INFO]  === Program Started at 2024-08-15 18:28:30 ===
2024-08-15 19:07:29,276 [INFO]  Layer 武汉城区地块 successfully read with 6528 features.
2024-08-15 19:07:29,278 [INFO]  Finished reading vector file: C:/Users/钟新伟/Desktop/mydata/testdata/shp/wuhan/武汉城区地块.shp
2024-08-15 19:07:30,976 [INFO]  Layer 湖北省 successfully read with 17 features.
2024-08-15 19:07:30,976 [INFO]  Finished reading vector file: C:/Users/钟新伟/Desktop/mydata/testdata/shp/wuhan/湖北省.shp
2024-08-15 19:07:37,976 [INFO]  Vector layer 武汉城区地块 has been removed.
2024-08-15 19:07:41,308 [INFO]  Layer 武汉城区地块 successfully read with 6528 features.
2024-08-15 19:07:41,310 [INFO]  Finished reading vector file: C:/Users/钟新伟/Desktop/mydata/testdata/shp/wuhan/武汉城区地块.shp
2024-08-15 19:07:43,270 [INFO]  Vector layer 湖北省 has been removed.
2024-08-15 19:07:45,051 [INFO]  Layer 湖北省 successfully read with 17 features.
2024-08-15 19:07:45,051 [INFO]  Finished reading vector file: C:/Users/钟新伟/Desktop/mydata/testdata/shp/wuhan/湖北省.shp
2024-08-15 19:08:10,858 [INFO]  === Program Started at 2024-08-15 19:08:10 ===
2024-08-15 19:08:17,621 [INFO]  Layer 武汉城区地块 successfully read with 6528 features.
2024-08-15 19:08:17,623 [INFO]  Finished reading vector file: C:/Users/钟新伟/Desktop/mydata/testdata/shp/wuhan/武汉城区地块.shp
2024-08-15 19:08:19,821 [INFO]  Layer 湖北省 successfully read with 17 features.
2024-08-15 19:08:19,821 [INFO]  Finished reading vector file: C:/Users/钟新伟/Desktop/mydata/testdata/shp/wuhan/湖北省.shp
2024-08-15 19:09:29,963 [INFO]  Vector layer tu has been removed.
2024-08-15 19:10:08,829 [INFO]  Vector layer jia has been removed.
2024-08-15 19:12:17,865 [INFO]  Raster layer 参考栅格数据.tif_Equalized has been removed.
2024-08-15 19:12:58,461 [INFO]  === Program Started at 2024-08-15 19:12:58 ===
2024-08-15 20:22:28,758 [INFO]  === Program Started at 2024-08-15 20:22:28 ===
2024-08-15 20:22:35,193 [INFO]  Layer 武汉城区地块 successfully read with 6528 features.
2024-08-15 20:22:35,195 [INFO]  Finished reading vector file: C:/Users/钟新伟/Desktop/mydata/testdata/shp/wuhan/武汉城区地块.shp
2024-08-15 20:22:36,983 [INFO]  Layer 湖北省 successfully read with 17 features.
2024-08-15 20:22:36,984 [INFO]  Finished reading vector file: C:/Users/钟新伟/Desktop/mydata/testdata/shp/wuhan/湖北省.shp
2024-08-15 20:24:04,052 [INFO]  Layer wh_SOM successfully read with 10242 features.
2024-08-15 20:24:04,057 [INFO]  Finished reading vector file: C:/Users/钟新伟/Desktop/mydata/testdata/shp/osm/wh_SOM.shp
2024-08-15 20:24:19,131 [INFO]  Vector layer wh_SOM has been removed.
2024-08-15 20:24:53,772 [INFO]  Vector layer 凸1 has been removed.
2024-08-15 20:27:07,625 [INFO]  Raster layer 参考栅格数据.tif_Equalized has been removed.
2024-08-17 15:50:30,994 [INFO]  === Program Started at 2024-08-17 15:50:30 ===
2024-08-17 15:50:58,831 [INFO]  Raster layer 参考栅格数据.tif has been removed.
2024-08-17 22:49:18,651 [INFO]  === Program Started at 2024-08-17 22:49:18 ===
2024-08-17 22:49:25,988 [INFO]  openRasterLayer: Raster layer 参考栅格数据.tif loaded successfully.
2024-08-17 22:49:26,669 [INFO]  openRasterLayer: Raster image 参考栅格数据.tif displayed successfully.
2024-08-17 23:25:06,877 [INFO]  === Program Started at 2024-08-17 23:25:06 ===
2024-08-18 13:24:43,026 [INFO]  === Program Started at 2024-08-18 13:24:43 ===
2024-08-18 13:24:59,911 [INFO]  === Program Started at 2024-08-18 13:24:59 ===
2024-08-18 13:25:04,159 [INFO]  === Program Started at 2024-08-18 13:25:04 ===
2024-08-18 19:00:49,011 [INFO]  === Program Started at 2024-08-18 19:00:49 ===
2025-09-01 15:30:59,731 [INFO]  === Program Started at 2025-09-01 15:30:59 ===
2025-09-01 15:31:30,034 [INFO]  Layer 湖北省 successfully read with 17 features.
2025-09-01 15:31:30,034 [INFO]  Finished reading vector file: E:/大学的一些报告/16+徐子健+林显龙+余新民+钟新伟/Bin/Data/湖北省.shp
2025-09-01 15:33:06,175 [INFO]  startcalculateGeometry: Geometry calculation succeeded for layer 湖北省.
2025-09-01 15:34:02,493 [WARN]  openRasterLayer: No file selected.
